<?xml version="1.0" encoding="UTF-8"?>
<testsuite name="CrossbodyBagTest" tests="3" skipped="0" failures="0" errors="0" timestamp="2022-10-09T21:07:24" hostname="Erics-MacBook-Pro-2.local" time="0.05">
  <properties/>
  <testcase name="TestToString" classname="CrossbodyBagTest" time="0.049"/>
  <testcase name="TestEnhance" classname="CrossbodyBagTest" time="0.001"/>
  <testcase name="TestGetNumberOfStraps" classname="CrossbodyBagTest" time="0.0"/>
  <system-out><![CDATA[]]></system-out>
  <system-err><![CDATA[]]></system-err>
</testsuite>
